<?xml version="1.0" encoding="UTF-8"?>
<!-- Generated by org.testng.reporters.JUnitReportReporter -->
<testsuite hostname="Aditya-PC" failures="0" tests="1" name="restassuredTests.PutTest" time="1.918" errors="0" timestamp="2021-10-26T10:59:52 PDT" skipped="0">
  <testcase classname="restassuredTests.PutTest" name="testput" time="1.918"/>
  <system-out/>
</testsuite> <!-- restassuredTests.PutTest -->
