<?xml version="1.0" encoding="UTF-8"?>
<!-- Generated by org.testng.reporters.JUnitReportReporter -->
<testsuite hostname="Aditya-PC" failures="0" tests="1" name="restassuredTests.DeleteTest" time="2.677" errors="0" timestamp="2021-10-26T11:05:28 PDT" skipped="0">
  <testcase classname="restassuredTests.DeleteTest" name="deletedata" time="2.677"/>
  <system-out/>
</testsuite> <!-- restassuredTests.DeleteTest -->
