<?xml version="1.0" encoding="UTF-8"?>
<!-- Generated by org.testng.reporters.JUnitReportReporter -->
<testsuite hostname="Aditya-PC" failures="0" tests="1" name="restassuredTests.GetTest" time="2.377" errors="0" timestamp="2021-10-26T09:42:05 PDT" skipped="0">
  <testcase classname="restassuredTests.GetTest" name="getEmployeeDetails" time="2.377"/>
  <system-out/>
</testsuite> <!-- restassuredTests.GetTest -->
